\BOOKMARK [1][-]{section.1}{\376\377\206\132\142\337\134\075\131\064\040\024\121\103\133\207\133\231}{}% 1
\BOOKMARK [2][-]{subsection.1.1}{\376\377\123\321\134\125\163\260\162\266\040\024\232\330\150\041\000I\000C\000T\174\173\116\023\116\032\213\241\173\227\147\072\133\236\232\214\133\244}{section.1}% 2
\BOOKMARK [3][-]{subsubsection.1.1.1}{\376\377\137\123\122\115\232\330\150\041\133\236\232\214\133\244\133\236\163\260\166\204\122\237\200\375}{subsection.1.1}% 3
\BOOKMARK [3][-]{subsubsection.1.1.2}{\376\377\137\123\122\115\232\330\150\041\133\236\232\214\133\244\133\130\127\050\166\204\116\015\215\263}{subsection.1.1}% 4
\BOOKMARK [3][-]{subsubsection.1.1.3}{\376\377\145\071\217\333\145\271\124\021\116\016\143\320\123\107\172\172\225\364}{subsection.1.1}% 5
\BOOKMARK [2][-]{subsection.1.2}{\376\377\122\115\154\277\142\200\147\057\040\024\206\132\142\337\163\260\133\236\133\236\232\214\133\244}{section.1}% 6
\BOOKMARK [3][-]{subsubsection.1.2.1}{\376\377\122\115\154\277\142\200\147\057\116\313\176\315}{subsection.1.2}% 7
\BOOKMARK [3][-]{subsubsection.1.2.2}{\376\377\122\115\154\277\142\200\147\057\136\224\165\050}{subsection.1.2}% 8
\BOOKMARK [3][-]{subsubsection.1.2.3}{\376\377\145\071\217\333\145\131\133\146\147\141\116\366\143\320\117\233\166\204\117\030\122\277}{subsection.1.2}% 9
\BOOKMARK [2][-]{subsection.1.3}{\376\377\147\052\147\145\215\213\122\277\040\024\121\103\133\207\133\231\133\236\232\214\133\244}{section.1}% 10
\BOOKMARK [3][-]{subsubsection.1.3.1}{\376\377\121\103\133\207\133\231\000[\0004\000]\166\204\151\202\137\365}{subsection.1.3}% 11
\BOOKMARK [3][-]{subsubsection.1.3.2}{\376\377\121\103\133\207\133\231\133\236\232\214\133\244\166\204\147\204\140\363}{subsection.1.3}% 12
\BOOKMARK [3][-]{subsubsection.1.3.3}{\376\377\121\103\133\207\133\231\133\236\232\214\133\244\166\204\136\372\213\276}{subsection.1.3}% 13
\BOOKMARK [3][-]{subsubsection.1.3.4}{\376\377\121\103\133\207\133\231\133\236\232\214\133\244\166\204\117\030\160\271}{subsection.1.3}% 14
\BOOKMARK [3][-]{subsubsection.1.3.5}{\376\377\121\103\133\207\133\231\145\131\133\146\136\224\165\050}{subsection.1.3}% 15
\BOOKMARK [1][-]{section.2}{\376\377\177\121\176\334\174\373\176\337\145\271\150\110\213\276\213\241}{}% 16
\BOOKMARK [2][-]{subsection.2.1}{\376\377\227\000\154\102\122\006\147\220}{section.2}% 17
\BOOKMARK [3][-]{subsubsection.2.1.1}{\376\377\122\237\200\375\227\000\154\102\000[\0005\000]}{subsection.2.1}% 18
\BOOKMARK [3][-]{subsubsection.2.1.2}{\376\377\213\276\213\241\123\237\122\031}{subsection.2.1}% 19
\BOOKMARK [2][-]{subsection.2.2}{\376\377\174\373\176\337\116\073\211\201\202\202\160\271\155\101\221\317\122\006\147\220}{section.2}% 20
\BOOKMARK [2][-]{subsection.2.3}{\376\377\177\121\176\334\142\323\142\121\126\376\213\276\213\241}{section.2}% 21
\BOOKMARK [2][-]{subsection.2.4}{\376\377\000P\000T\152\041\142\337\116\377\167\037}{section.2}% 22
\BOOKMARK [3][-]{subsubsection.2.4.1}{\376\377\213\276\131\007\221\115\177\156}{subsection.2.4}% 23
\BOOKMARK [3][-]{subsubsection.2.4.2}{\376\377\133\236\232\214\176\323\147\234}{subsection.2.4}% 24
\BOOKMARK [1][-]{section.3}{\376\377\140\073\176\323\116\016\123\315\140\035}{}% 25
\BOOKMARK [1][-]{figure.caption.18}{\376\377\123\302\200\003\145\207\163\056}{}% 26
